<?xml version="1.0" encoding="UTF-8"?>
<coverage generated="1753420772423" clover="3.2.0">
  <project timestamp="1753420772424" name="All files">
    <metrics statements="20" coveredstatements="12" conditionals="8" coveredconditionals="0" methods="8" coveredmethods="4" elements="36" coveredelements="16" complexity="0" loc="20" ncloc="20" packages="1" files="2" classes="2"/>
    <file name="authService.ts" path="C:\Users\imaka\Desktop\Desk\Learning\1. MERN\employee-portal\worknest-ui\src\services\authService.ts">
      <metrics statements="7" coveredstatements="7" conditionals="0" coveredconditionals="0" methods="4" coveredmethods="4"/>
      <line num="1" count="1" type="stmt"/>
      <line num="3" count="1" type="stmt"/>
      <line num="4" count="1" type="stmt"/>
      <line num="5" count="1" type="stmt"/>
      <line num="8" count="1" type="stmt"/>
      <line num="9" count="1" type="stmt"/>
      <line num="10" count="1" type="stmt"/>
    </file>
    <file name="axiosInstance.ts" path="C:\Users\imaka\Desktop\Desk\Learning\1. MERN\employee-portal\worknest-ui\src\services\axiosInstance.ts">
      <metrics statements="13" coveredstatements="5" conditionals="8" coveredconditionals="0" methods="4" coveredmethods="0"/>
      <line num="1" count="1" type="stmt"/>
      <line num="3" count="1" type="stmt"/>
      <line num="8" count="1" type="stmt"/>
      <line num="10" count="0" type="stmt"/>
      <line num="11" count="0" type="cond" truecount="0" falsecount="2"/>
      <line num="12" count="0" type="stmt"/>
      <line num="14" count="0" type="stmt"/>
      <line num="17" count="1" type="stmt"/>
      <line num="18" count="0" type="stmt"/>
      <line num="20" count="0" type="cond" truecount="0" falsecount="6"/>
      <line num="21" count="0" type="stmt"/>
      <line num="23" count="0" type="stmt"/>
      <line num="27" count="1" type="stmt"/>
    </file>
  </project>
</coverage>
