<?xml version="1.0" encoding="UTF-8"?>
<coverage generated="1753696731491" clover="3.2.0">
  <project timestamp="1753696731491" name="All files">
    <metrics statements="47" coveredstatements="29" conditionals="8" coveredconditionals="0" methods="16" coveredmethods="8" elements="71" coveredelements="37" complexity="0" loc="47" ncloc="47" packages="1" files="4" classes="4"/>
    <file name="announcementService.ts" path="C:\Users\imaka\Desktop\Desk\Learning\1. MERN\employee-portal\worknest-ui\src\services\announcementService.ts">
      <metrics statements="8" coveredstatements="8" conditionals="0" coveredconditionals="0" methods="2" coveredmethods="2"/>
      <line num="1" count="1" type="stmt"/>
      <line num="3" count="2" type="stmt"/>
      <line num="4" count="2" type="stmt"/>
      <line num="5" count="2" type="stmt"/>
      <line num="6" count="1" type="stmt"/>
      <line num="8" count="1" type="stmt"/>
      <line num="10" count="1" type="stmt"/>
      <line num="11" count="1" type="stmt"/>
    </file>
    <file name="attendenceService.ts" path="C:\Users\imaka\Desktop\Desk\Learning\1. MERN\employee-portal\worknest-ui\src\services\attendenceService.ts">
      <metrics statements="19" coveredstatements="9" conditionals="0" coveredconditionals="0" methods="6" coveredmethods="2"/>
      <line num="1" count="1" type="stmt"/>
      <line num="3" count="2" type="stmt"/>
      <line num="4" count="2" type="stmt"/>
      <line num="5" count="2" type="stmt"/>
      <line num="6" count="1" type="stmt"/>
      <line num="8" count="1" type="stmt"/>
      <line num="9" count="1" type="stmt"/>
      <line num="13" count="1" type="stmt"/>
      <line num="14" count="0" type="stmt"/>
      <line num="15" count="0" type="stmt"/>
      <line num="17" count="0" type="stmt"/>
      <line num="19" count="0" type="stmt"/>
      <line num="20" count="0" type="stmt"/>
      <line num="24" count="1" type="stmt"/>
      <line num="25" count="0" type="stmt"/>
      <line num="26" count="0" type="stmt"/>
      <line num="28" count="0" type="stmt"/>
      <line num="30" count="0" type="stmt"/>
      <line num="31" count="0" type="stmt"/>
    </file>
    <file name="authService.ts" path="C:\Users\imaka\Desktop\Desk\Learning\1. MERN\employee-portal\worknest-ui\src\services\authService.ts">
      <metrics statements="7" coveredstatements="7" conditionals="0" coveredconditionals="0" methods="4" coveredmethods="4"/>
      <line num="1" count="1" type="stmt"/>
      <line num="3" count="1" type="stmt"/>
      <line num="4" count="1" type="stmt"/>
      <line num="5" count="1" type="stmt"/>
      <line num="8" count="1" type="stmt"/>
      <line num="9" count="1" type="stmt"/>
      <line num="10" count="1" type="stmt"/>
    </file>
    <file name="axiosInstance.ts" path="C:\Users\imaka\Desktop\Desk\Learning\1. MERN\employee-portal\worknest-ui\src\services\axiosInstance.ts">
      <metrics statements="13" coveredstatements="5" conditionals="8" coveredconditionals="0" methods="4" coveredmethods="0"/>
      <line num="1" count="3" type="stmt"/>
      <line num="3" count="3" type="stmt"/>
      <line num="9" count="3" type="stmt"/>
      <line num="11" count="0" type="stmt"/>
      <line num="12" count="0" type="cond" truecount="0" falsecount="2"/>
      <line num="13" count="0" type="stmt"/>
      <line num="15" count="0" type="stmt"/>
      <line num="18" count="3" type="stmt"/>
      <line num="19" count="0" type="stmt"/>
      <line num="21" count="0" type="cond" truecount="0" falsecount="6"/>
      <line num="22" count="0" type="stmt"/>
      <line num="24" count="0" type="stmt"/>
      <line num="28" count="3" type="stmt"/>
    </file>
  </project>
</coverage>
