{"C:\\Users\\imaka\\Desktop\\Desk\\Learning\\1. MERN\\employee-portal\\worknest-ui\\src\\services\\authService.ts": {"path":"C:\\Users\\imaka\\Desktop\\Desk\\Learning\\1. MERN\\employee-portal\\worknest-ui\\src\\services\\authService.ts","statementMap":{"0":{"start":{"line":1,"column":0},"end":{"line":1,"column":44}},"1":{"start":{"line":3,"column":28},"end":{"line":6,"column":2}},"2":{"start":{"line":3,"column":80},"end":{"line":6,"column":2}},"3":{"start":{"line":4,"column":14},"end":{"line":4,"column":59}},"4":{"start":{"line":5,"column":2},"end":{"line":5,"column":18}},"5":{"start":{"line":3,"column":13},"end":{"line":3,"column":28}},"6":{"start":{"line":8,"column":31},"end":{"line":11,"column":2}},"7":{"start":{"line":8,"column":139},"end":{"line":11,"column":2}},"8":{"start":{"line":9,"column":14},"end":{"line":9,"column":62}},"9":{"start":{"line":10,"column":2},"end":{"line":10,"column":18}},"10":{"start":{"line":8,"column":13},"end":{"line":8,"column":31}}},"fnMap":{"0":{"name":"(anonymous_7)","decl":{"start":{"line":3,"column":28},"end":{"line":3,"column":35}},"loc":{"start":{"line":3,"column":80},"end":{"line":6,"column":2}}},"1":{"name":"(anonymous_8)","decl":{"start":{"line":3,"column":80},"end":{"line":3,"column":null}},"loc":{"start":{"line":3,"column":80},"end":{"line":6,"column":1}}},"2":{"name":"(anonymous_9)","decl":{"start":{"line":8,"column":31},"end":{"line":8,"column":38}},"loc":{"start":{"line":8,"column":139},"end":{"line":11,"column":2}}},"3":{"name":"(anonymous_10)","decl":{"start":{"line":8,"column":139},"end":{"line":8,"column":null}},"loc":{"start":{"line":8,"column":139},"end":{"line":11,"column":1}}}},"branchMap":{},"s":{"0":1,"1":1,"2":1,"3":1,"4":1,"5":1,"6":1,"7":1,"8":1,"9":1,"10":1},"f":{"0":1,"1":1,"2":1,"3":1},"b":{}}
,"C:\\Users\\imaka\\Desktop\\Desk\\Learning\\1. MERN\\employee-portal\\worknest-ui\\src\\services\\axiosInstance.ts": {"path":"C:\\Users\\imaka\\Desktop\\Desk\\Learning\\1. MERN\\employee-portal\\worknest-ui\\src\\services\\axiosInstance.ts","statementMap":{"0":{"start":{"line":1,"column":0},"end":{"line":1,"column":26}},"1":{"start":{"line":3,"column":22},"end":{"line":6,"column":2}},"2":{"start":{"line":8,"column":0},"end":{"line":15,"column":2}},"3":{"start":{"line":10,"column":18},"end":{"line":10,"column":47}},"4":{"start":{"line":11,"column":4},"end":{"line":11,"column":64}},"5":{"start":{"line":11,"column":15},"end":{"line":11,"column":64}},"6":{"start":{"line":12,"column":4},"end":{"line":12,"column":18}},"7":{"start":{"line":14,"column":13},"end":{"line":14,"column":34}},"8":{"start":{"line":17,"column":0},"end":{"line":25,"column":2}},"9":{"start":{"line":18,"column":16},"end":{"line":18,"column":24}},"10":{"start":{"line":20,"column":4},"end":{"line":22,"column":5}},"11":{"start":{"line":21,"column":6},"end":{"line":21,"column":39}},"12":{"start":{"line":23,"column":4},"end":{"line":23,"column":33}},"13":{"start":{"line":27,"column":0},"end":{"line":27,"column":29}}},"fnMap":{"0":{"name":"(anonymous_0)","decl":{"start":{"line":9,"column":2},"end":{"line":9,"column":3}},"loc":{"start":{"line":9,"column":13},"end":{"line":13,"column":3}}},"1":{"name":"(anonymous_1)","decl":{"start":{"line":14,"column":2},"end":{"line":14,"column":3}},"loc":{"start":{"line":14,"column":13},"end":{"line":14,"column":34}}},"2":{"name":"(anonymous_2)","decl":{"start":{"line":18,"column":2},"end":{"line":18,"column":3}},"loc":{"start":{"line":18,"column":16},"end":{"line":18,"column":24}}},"3":{"name":"(anonymous_3)","decl":{"start":{"line":19,"column":2},"end":{"line":19,"column":3}},"loc":{"start":{"line":19,"column":12},"end":{"line":24,"column":3}}}},"branchMap":{"0":{"loc":{"start":{"line":11,"column":4},"end":{"line":11,"column":64}},"type":"if","locations":[{"start":{"line":11,"column":4},"end":{"line":11,"column":64}},{"start":{},"end":{}}]},"1":{"loc":{"start":{"line":20,"column":4},"end":{"line":22,"column":5}},"type":"if","locations":[{"start":{"line":20,"column":4},"end":{"line":22,"column":5}},{"start":{},"end":{}}]},"2":{"loc":{"start":{"line":20,"column":8},"end":{"line":20,"column":30}},"type":"cond-expr","locations":[{"start":{"line":20,"column":22},"end":{"line":20,"column":24}},{"start":{"line":20,"column":22},"end":{"line":20,"column":30}}]},"3":{"loc":{"start":{"line":20,"column":8},"end":{"line":20,"column":24}},"type":"binary-expr","locations":[{"start":{"line":20,"column":8},"end":{"line":20,"column":24}},{"start":{"line":20,"column":22},"end":{"line":20,"column":24}}]}},"s":{"0":1,"1":1,"2":1,"3":0,"4":0,"5":0,"6":0,"7":0,"8":1,"9":0,"10":0,"11":0,"12":0,"13":1},"f":{"0":0,"1":0,"2":0,"3":0},"b":{"0":[0,0],"1":[0,0],"2":[0,0],"3":[0,0]}}
}
